#
# There is insufficient memory for the Java Runtime Environment to continue.
# Native memory allocation (malloc) failed to allocate 939664 bytes for Chunk::new
# Possible reasons:
#   The system is out of physical RAM or swap space
#   In 32 bit mode, the process size limit was hit
# Possible solutions:
#   Reduce memory load on the system
#   Increase physical memory or swap space
#   Check if swap backing store is full
#   Use 64 bit Java on a 64 bit OS
#   Decrease Java heap size (-Xmx/-Xms)
#   Decrease number of Java threads
#   Decrease Java thread stack sizes (-Xss)
#   Set larger code cache with -XX:ReservedCodeCacheSize=
# This output file may be truncated or incomplete.
#
#  Out of Memory Error (allocation.cpp:390), pid=7468, tid=6680
#
# JRE version: Java(TM) SE Runtime Environment (8.0_71-b15) (build 1.8.0_71-b15)
# Java VM: Java HotSpot(TM) 64-Bit Server VM (25.71-b15 mixed mode windows-amd64 compressed oops)
# Failed to write core dump. Minidumps are not enabled by default on client versions of Windows
#

---------------  T H R E A D  ---------------

Current thread (0x000000005639d800):  JavaThread "C2 CompilerThread0" daemon [_thread_in_native, id=6680, stack(0x0000000056790000,0x0000000056890000)]

Stack: [0x0000000056790000,0x0000000056890000]
[error occurred during error reporting (printing stack bounds), id 0xc0000005]

Native frames: (J=compiled Java code, j=interpreted, Vv=VM code, C=native code)


Current CompileTask:
C2:  13478 1272       4       com.android.dx.ssa.SCCP::simulateStmt (481 bytes)


---------------  P R O C E S S  ---------------

Java Threads: ( => current thread )
  0x00000000563ab800 JavaThread "pool-1-thread-4" [_thread_blocked, id=7752, stack(0x0000000058030000,0x0000000058130000)]
  0x00000000563aa800 JavaThread "pool-1-thread-3" [_thread_blocked, id=8068, stack(0x0000000057e10000,0x0000000057f10000)]
  0x00000000563aa000 JavaThread "pool-1-thread-2" [_thread_blocked, id=5936, stack(0x0000000056df0000,0x0000000056ef0000)]
  0x00000000563a9000 JavaThread "pool-2-thread-1" [_thread_blocked, id=7968, stack(0x0000000057c10000,0x0000000057d10000)]
  0x00000000563a8800 JavaThread "pool-1-thread-1" [_thread_blocked_trans, id=6792, stack(0x0000000057a40000,0x0000000057b40000)]
  0x00000000563a7800 JavaThread "Service Thread" daemon [_thread_blocked, id=8576, stack(0x0000000056ef0000,0x0000000056ff0000)]
  0x00000000563bb000 JavaThread "C1 CompilerThread2" daemon [_thread_blocked, id=1592, stack(0x0000000056ce0000,0x0000000056de0000)]
  0x00000000563b9800 JavaThread "C2 CompilerThread1" daemon [_thread_in_native, id=4772, stack(0x0000000056bc0000,0x0000000056cc0000)]
=>0x000000005639d800 JavaThread "C2 CompilerThread0" daemon [_thread_in_native, id=6680, stack(0x0000000056790000,0x0000000056890000)]
  0x00000000563a7000 JavaThread "Attach Listener" daemon [_thread_blocked, id=9212, stack(0x0000000056ac0000,0x0000000056bc0000)]
  0x00000000563a6000 JavaThread "Signal Dispatcher" daemon [_thread_blocked, id=3852, stack(0x0000000056960000,0x0000000056a60000)]
  0x0000000054fc7000 JavaThread "Finalizer" daemon [_thread_blocked, id=7484, stack(0x0000000056290000,0x0000000056390000)]
  0x0000000054fc0000 JavaThread "Reference Handler" daemon [_thread_blocked, id=7628, stack(0x0000000055f10000,0x0000000056010000)]
  0x000000000247e000 JavaThread "main" [_thread_blocked, id=3920, stack(0x00000000027b0000,0x00000000028b0000)]

Other Threads:
  0x0000000054fba800 VMThread [stack: 0x00000000560a0000,0x00000000561a0000] [id=7692]
  0x000000005502f800 WatcherThread [stack: 0x0000000057080000,0x0000000057180000] [id=792]

VM state:not at safepoint (normal execution)

VM Mutex/Monitor currently owned by a thread: None

Heap:
 PSYoungGen      total 36864K, used 8830K [0x00000000eab00000, 0x00000000ef300000, 0x0000000100000000)
  eden space 31744K, 11% used [0x00000000eab00000,0x00000000eaea39c0,0x00000000eca00000)
  from space 5120K, 99% used [0x00000000eca00000,0x00000000ecefc1a0,0x00000000ecf00000)
  to   space 5120K, 0% used [0x00000000eee00000,0x00000000eee00000,0x00000000ef300000)
 ParOldGen       total 84992K, used 431K [0x00000000c0000000, 0x00000000c5300000, 0x00000000eab00000)
  object space 84992K, 0% used [0x00000000c0000000,0x00000000c006bdd8,0x00000000c5300000)
 Metaspace       used 6041K, capacity 6900K, committed 7040K, reserved 1056768K
  class space    used 600K, capacity 620K, committed 640K, reserved 1048576K

Card table byte_map: [0x0000000011c70000,0x0000000011e80000] byte_map_base: 0x0000000011670000

Marking Bits: (ParMarkBitMap*) 0x0000000063b8f600
 Begin Bits: [0x0000000012430000, 0x0000000013430000)
 End Bits:   [0x0000000013430000, 0x0000000014430000)

Polling page: 0x0000000000140000

CodeCache: size=245760Kb used=4979Kb max_used=4986Kb free=240780Kb
 bounds [0x00000000028b0000, 0x0000000002da0000, 0x00000000118b0000]
 total_blobs=1541 nmethods=1270 adapters=184
 compilation: enabled

Compilation events (10 events):
Event: 12.530 Thread 0x000000005639d800 nmethod 1271 0x0000000002d8c2d0 code [0x0000000002d8c480, 0x0000000002d8ce98]
Event: 12.530 Thread 0x000000005639d800 1278       4       com.android.dx.ssa.back.LivenessAnalyzer::run (231 bytes)
Event: 12.794 Thread 0x00000000563bb000 1281       3       com.android.dx.rop.cst.CstNat::isInstanceInit (13 bytes)
Event: 12.794 Thread 0x00000000563bb000 nmethod 1281 0x0000000002d8bdd0 code [0x0000000002d8bf40, 0x0000000002d8c1e8]
Event: 12.820 Thread 0x000000005639d800 nmethod 1278 0x0000000002d90b10 code [0x0000000002d90e20, 0x0000000002d92950]
Event: 12.821 Thread 0x000000005639d800 1272       4       com.android.dx.ssa.SCCP::simulateStmt (481 bytes)
Event: 12.821 Thread 0x00000000563bb000 1282       3       com.android.dx.cf.iface.StdAttributeList::findNext (85 bytes)
Event: 12.823 Thread 0x00000000563bb000 nmethod 1282 0x0000000002d8ac50 code [0x0000000002d8ae40, 0x0000000002d8ba08]
Event: 13.332 Thread 0x00000000563bb000 1284       3       com.android.dx.cf.code.RopperMachine::updateReturnOp (115 bytes)
Event: 13.335 Thread 0x00000000563bb000 nmethod 1284 0x0000000002d88f90 code [0x0000000002d89220, 0x0000000002d8a438]

GC Heap History (2 events):
Event: 10.485 GC heap before
{Heap before GC invocations=1 (full 0):
 PSYoungGen      total 36864K, used 31744K [0x00000000eab00000, 0x00000000ed400000, 0x0000000100000000)
  eden space 31744K, 100% used [0x00000000eab00000,0x00000000eca00000,0x00000000eca00000)
  from space 5120K, 0% used [0x00000000ecf00000,0x00000000ecf00000,0x00000000ed400000)
  to   space 5120K, 0% used [0x00000000eca00000,0x00000000eca00000,0x00000000ecf00000)
 ParOldGen       total 84992K, used 0K [0x00000000c0000000, 0x00000000c5300000, 0x00000000eab00000)
  object space 84992K, 0% used [0x00000000c0000000,0x00000000c0000000,0x00000000c5300000)
 Metaspace       used 6014K, capacity 6900K, committed 7040K, reserved 1056768K
  class space    used 600K, capacity 620K, committed 640K, reserved 1048576K
Event: 12.139 GC heap after
Heap after GC invocations=1 (full 0):
 PSYoungGen      total 36864K, used 5104K [0x00000000eab00000, 0x00000000ef300000, 0x0000000100000000)
  eden space 31744K, 0% used [0x00000000eab00000,0x00000000eab00000,0x00000000eca00000)
  from space 5120K, 99% used [0x00000000eca00000,0x00000000ecefc1a0,0x00000000ecf00000)
  to   space 5120K, 0% used [0x00000000eee00000,0x00000000eee00000,0x00000000ef300000)
 ParOldGen       total 84992K, used 431K [0x00000000c0000000, 0x00000000c5300000, 0x00000000eab00000)
  object space 84992K, 0% used [0x00000000c0000000,0x00000000c006bdd8,0x00000000c5300000)
 Metaspace       used 6014K, capacity 6900K, committed 7040K, reserved 1056768K
  class space    used 600K, capacity 620K, committed 640K, reserved 1048576K
}

Deoptimization events (4 events):
Event: 3.209 Thread 0x000000000247e000 Uncommon trap: reason=unstable_if action=reinterpret pc=0x0000000002ac13a0 method=java.util.BitSet.nextSetBit(I)I @ 87
Event: 3.218 Thread 0x000000000247e000 Uncommon trap: reason=unstable_if action=reinterpret pc=0x0000000002aba2d4 method=java.util.HashMap.getNode(ILjava/lang/Object;)Ljava/util/HashMap$Node; @ 129
Event: 6.333 Thread 0x00000000563aa000 Uncommon trap: reason=unstable_if action=reinterpret pc=0x0000000002c2cec4 method=com.android.dx.rop.cst.Constant.compareTo(Lcom/android/dx/rop/cst/Constant;)I @ 12
Event: 7.243 Thread 0x00000000563ab800 Uncommon trap: reason=unstable_if action=reinterpret pc=0x0000000002c314c0 method=com.android.dx.rop.code.LocalItem.hashCode()I @ 25

Internal exceptions (2 events):
Event: 0.264 Thread 0x000000000247e000 Exception <a 'java/lang/NoSuchMethodError': Method sun.misc.Unsafe.defineClass(Ljava/lang/String;[BII)Ljava/lang/Class; name or signature does not match> (0x00000000eab13090) thrown at [C:\re\workspace\8-2-build-windows-amd64-cygwin\jdk8u71\5731\hotspot\sr¤ú°çÐ?
Event: 0.264 Thread 0x000000000247e000 Exception <a 'java/lang/NoSuchMethodError': Method sun.misc.Unsafe.prefetchRead(Ljava/lang/Object;J)V name or signature does not match> (0x00000000eab13378) thrown at [C:\re\workspace\8-2-build-windows-amd64-cygwin\jdk8u71\5731\hotspot\src\share\vm\prims\j

Events (10 events):
Event: 7.243 Thread 0x00000000563ab800 DEOPT PACKING pc=0x0000000002c314c0 sp=0x000000005812e860
Event: 7.244 Thread 0x00000000563ab800 DEOPT UNPACKING pc=0x00000000028f582a sp=0x000000005812e5c8 mode 2
Event: 7.370 loading class java/util/TreeMap$EntrySet
Event: 7.370 loading class java/util/TreeMap$EntrySet done
Event: 7.370 loading class java/util/TreeMap$EntryIterator
Event: 7.371 loading class java/util/TreeMap$EntryIterator done
Event: 7.371 Executing VM operation: Deoptimize
Event: 7.371 Executing VM operation: Deoptimize done
Event: 10.485 Executing VM operation: ParallelGCFailedAllocation
Event: 12.139 Executing VM operation: ParallelGCFailedAllocation done


Dynamic libraries:
0x000000013f3a0000 - 0x000000013f3d7000 	C:\Program Files\Java\jdk1.8.0_71\bin\java.exe
0x0000000077160000 - 0x0000000077309000 	C:\Windows\SYSTEM32\ntdll.dll
0x0000000077040000 - 0x000000007715f000 	C:\Windows\system32\kernel32.dll
0x000007fefcf30000 - 0x000007fefcf9c000 	C:\Windows\system32\KERNELBASE.dll
0x000007fefea10000 - 0x000007fefeaeb000 	C:\Windows\system32\ADVAPI32.dll
0x000007fefeaf0000 - 0x000007fefeb8f000 	C:\Windows\system32\msvcrt.dll
0x000007fefdc40000 - 0x000007fefdc5f000 	C:\Windows\SYSTEM32\sechost.dll
0x000007feff1f0000 - 0x000007feff31d000 	C:\Windows\system32\RPCRT4.dll
0x0000000076f40000 - 0x000000007703a000 	C:\Windows\system32\USER32.dll
0x000007feff380000 - 0x000007feff3e7000 	C:\Windows\system32\GDI32.dll
0x000007fefd810000 - 0x000007fefd81e000 	C:\Windows\system32\LPK.dll
0x000007feff120000 - 0x000007feff1ea000 	C:\Windows\system32\USP10.dll
0x000007fefb970000 - 0x000007fefbb64000 	C:\Windows\WinSxS\amd64_microsoft.windows.common-controls_6595b64144ccf1df_6.0.7601.18837_none_fa3b1e3d17594757\COMCTL32.dll
0x000007fefd4b0000 - 0x000007fefd521000 	C:\Windows\system32\SHLWAPI.dll
0x000007fefd7e0000 - 0x000007fefd80e000 	C:\Windows\system32\IMM32.DLL
0x000007fefd820000 - 0x000007fefd929000 	C:\Windows\system32\MSCTF.dll
0x00000000630e0000 - 0x00000000631b2000 	C:\Program Files\Java\jdk1.8.0_71\jre\bin\msvcr100.dll
0x0000000063380000 - 0x0000000063c0f000 	C:\Program Files\Java\jdk1.8.0_71\jre\bin\server\jvm.dll
0x000007fef4f80000 - 0x000007fef4f89000 	C:\Windows\system32\WSOCK32.dll
0x000007fefd2d0000 - 0x000007fefd31d000 	C:\Windows\system32\WS2_32.dll
0x000007fefd930000 - 0x000007fefd938000 	C:\Windows\system32\NSI.dll
0x000007fefaf40000 - 0x000007fefaf7b000 	C:\Windows\system32\WINMM.dll
0x000007fefc000000 - 0x000007fefc00c000 	C:\Windows\system32\VERSION.dll
0x0000000077320000 - 0x0000000077327000 	C:\Windows\system32\PSAPI.DLL
0x00000000645d0000 - 0x00000000645df000 	C:\Program Files\Java\jdk1.8.0_71\jre\bin\verify.dll
0x00000000645a0000 - 0x00000000645c9000 	C:\Program Files\Java\jdk1.8.0_71\jre\bin\java.dll
0x0000000064580000 - 0x0000000064596000 	C:\Program Files\Java\jdk1.8.0_71\jre\bin\zip.dll
0x000007fefdc80000 - 0x000007fefea09000 	C:\Windows\system32\SHELL32.dll
0x000007fefd5d0000 - 0x000007fefd7d3000 	C:\Windows\system32\ole32.dll
0x000007fefcf10000 - 0x000007fefcf1f000 	C:\Windows\system32\profapi.dll

VM Arguments:
jvm_args: -Djava.awt.headless=true -Xmx1024M -Dfile.encoding=x-windows-949 -Duser.country=KR -Duser.language=ko -Duser.variant 
java_command: com.android.dx.command.Main --dex --num-threads=4 --output C:\bestfood\android\BesfFood\app\build\intermediates\pre-dexed\debug\internal_impl-23.1.1_103f5055a75fef4846ed44e1d7a44eb63a8c47af.jar C:\bestfood\android\BesfFood\app\build\intermediates\exploded-aar\com.android.support\support-v4\23.1.1\jars\libs\internal_impl-23.1.1.jar
java_class_path (initial): C:\Users\jp\AppData\Local\Android\sdk\build-tools\23.0.2\lib\dx.jar
Launcher Type: SUN_STANDARD

Environment Variables:
JAVA_HOME=C:\Program Files\Java\jdk1.8.0_71
PATH=C:\Program Files (x86)\Intel\iCLS Client\;C:\Program Files\Intel\iCLS Client\;C:\Windows\system32;C:\Windows;C:\Windows\System32\Wbem;C:\Windows\System32\WindowsPowerShell\v1.0\;C:\Program Files\Intel\WiFi\bin\;C:\Program Files\Common Files\Intel\WirelessCommon\;C:\Program Files\Intel\Intel(R) Management Engine Components\DAL;C:\Program Files (x86)\Intel\Intel(R) Management Engine Components\DAL;C:\Program Files\Intel\Intel(R) Management Engine Components\IPT;C:\Program Files (x86)\Intel\Intel(R) Management Engine Components\IPT;C:\Program Files\PuTTY\;C:\Program Files\nodejs\;C:\Program Files\Intel\WiFi\bin\;C:\Program Files\Common Files\Intel\WirelessCommon\;C:\Program Files\Java\jdk1.8.0_71\bin;C:\Program Files (x86)\IDM Computer Solutions\UltraEdit\;C:\Users\jp\AppData\Roaming\npm
USERNAME=jp
OS=Windows_NT
PROCESSOR_IDENTIFIER=Intel64 Family 6 Model 61 Stepping 4, GenuineIntel



---------------  S Y S T E M  ---------------

OS: Windows 7 , 64 bit Build 7601 (6.1.7601.19110)

CPU:total 4 (2 cores per cpu, 2 threads per core) family 6 model 61 stepping 4, cmov, cx8, fxsr, mmx, sse, sse2, sse3, ssse3, sse4.1, sse4.2, popcnt, avx, avx2, aes, clmul, erms, 3dnowpref, lzcnt, ht, tsc, tscinvbit, bmi1, bmi2, adx

Memory: 4k page, physical 8116412k(1365768k free), swap 10211728k(5428k free)

vm_info: Java HotSpot(TM) 64-Bit Server VM (25.71-b15) for windows-amd64 JRE (1.8.0_71-b15), built on Dec 22 2015 18:15:55 by "java_re" with MS VC++ 10.0 (VS2010)

time: Thu Jan 10 00:07:15 2019
elapsed time: 13 seconds (0d 0h 0m 13s)

